[2024-02-22 23:03:54] [ ERROR] [OdontologoDaoH2:85] Ha ocurrido un error al intentar cerrar la BDD. null
[2024-02-22 23:15:51] [ INFO ] [OdontologoDaoH2:89] Listado de los odontólogos: [Id; 1 - Nº de Matrícula: 12345 - Nombre: Juan - Apellido: Perez, Id; 2 - Nº de Matrícula: 54321 - Nombre: Maria - Apellido: Gomez]
[2024-02-22 23:19:04] [ INFO ] [OdontologoDaoH2:89] Listado de los odontólogos: [Id; 1 - Nº de Matrícula: 12345 - Nombre: Juan - Apellido: Perez, Id; 2 - Nº de Matrícula: 54321 - Nombre: Maria - Apellido: Gomez]
[2024-02-22 23:22:48] [ INFO ] [OdontologoDaoH2:89] Listado de los odontólogos: [Id; 1 - Nº de Matrícula: 12345 - Nombre: Juan - Apellido: Perez, Id; 2 - Nº de Matrícula: 54321 - Nombre: Maria - Apellido: Gomez]
[2024-02-22 23:44:05] [ ERROR] [OdontologoDaoH2:92] org.h2.Driver
[2024-02-22 23:44:05] [ ERROR] [OdontologoDaoH2:98] Ha ocurrido un error al intentar cerrar la BDD. null
[2024-02-22 23:44:05] [ INFO ] [OdontologoDaoMemoria:35] Listado de Odontólogos: []
[2024-02-22 23:52:11] [ ERROR] [OdontologoDaoH2:92] org.h2.Driver
[2024-02-22 23:52:11] [ ERROR] [OdontologoDaoH2:98] Ha ocurrido un error al intentar cerrar la BDD. null
[2024-02-22 23:52:11] [ INFO ] [OdontologoDaoMemoria:35] Listado de Odontólogos: []
[2024-02-22 23:53:21] [ INFO ] [OdontologoDaoH2:89] Listado de los odontólogos: [Id; 1 - Nº de Matrícula: 12345 - Nombre: Juan - Apellido: Perez, Id; 2 - Nº de Matrícula: 54321 - Nombre: Maria - Apellido: Gomez]
[2024-02-22 23:53:21] [ INFO ] [OdontologoDaoMemoria:35] Listado de Odontólogos: []
[2024-02-23 00:05:36] [ INFO ] [OdontologoDaoH2:89] Listado de los odontólogos: [Id; 1 - Nº de Matrícula: 12345 - Nombre: Juan - Apellido: Perez, Id; 2 - Nº de Matrícula: 54321 - Nombre: Maria - Apellido: Gomez]
[2024-02-23 00:06:56] [ INFO ] [OdontologoDaoH2:89] Listado de los odontólogos: [Id; 1 - Nº de Matrícula: 12345 - Nombre: Juan - Apellido: Perez, Id; 2 - Nº de Matrícula: 54321 - Nombre: Maria - Apellido: Gomez]
[2024-02-23 00:06:56] [ INFO ] [OdontologoDaoMemoria:27] Odontólogo registrado: Id; 0 - Nº de Matrícula: 12345 - Nombre: Juan - Apellido: Perez
[2024-02-23 00:06:56] [ INFO ] [OdontologoDaoMemoria:35] Listado de odontólogos: [Id; 0 - Nº de Matrícula: 12345 - Nombre: Juan - Apellido: Perez]
[2024-02-23 21:52:31] [ INFO ] [OdontologoDaoH2:89] Listado de los odontólogos: [Id; 1 - Nº de Matrícula: 12345 - Nombre: Juan - Apellido: Perez, Id; 2 - Nº de Matrícula: 54321 - Nombre: Maria - Apellido: Gomez]
[2024-02-23 21:52:31] [ INFO ] [OdontologoDaoMemoria:27] Odontólogo registrado: Id; 0 - Nº de Matrícula: 12345 - Nombre: Juan - Apellido: Perez
[2024-02-23 21:52:31] [ INFO ] [OdontologoDaoMemoria:35] Listado de odontólogos: [Id; 0 - Nº de Matrícula: 12345 - Nombre: Juan - Apellido: Perez]
[2024-02-23 21:53:57] [ INFO ] [OdontologoDaoH2:89] Listado de los odontólogos: [Id; 1 - Nº de Matrícula: 12345 - Nombre: Juan - Apellido: Perez, Id; 2 - Nº de Matrícula: 54321 - Nombre: Maria - Apellido: Gomez]
[2024-02-23 21:53:57] [ INFO ] [OdontologoDaoMemoria:27] Odontólogo registrado: Id; 0 - Nº de Matrícula: 12345 - Nombre: Juan - Apellido: Perez
[2024-02-23 21:53:57] [ INFO ] [OdontologoDaoMemoria:27] Odontólogo registrado: Id; 0 - Nº de Matrícula: 54321 - Nombre: Maria - Apellido: Gomez
[2024-02-23 21:53:57] [ INFO ] [OdontologoDaoMemoria:35] Listado de odontólogos: [Id; 0 - Nº de Matrícula: 12345 - Nombre: Juan - Apellido: Perez, Id; 0 - Nº de Matrícula: 54321 - Nombre: Maria - Apellido: Gomez]
[2024-02-23 21:56:21] [ INFO ] [OdontologoDaoH2:89] Listado de los odontólogos: [Id; 1 - Nº de Matrícula: 12345 - Nombre: Juan - Apellido: Perez, Id; 2 - Nº de Matrícula: 54321 - Nombre: Maria - Apellido: Gomez]
[2024-02-23 21:56:21] [ INFO ] [OdontologoDaoMemoria:27] Odontólogo registrado: Id; 1 - Nº de Matrícula: 12345 - Nombre: Juan - Apellido: Perez
[2024-02-23 21:56:21] [ INFO ] [OdontologoDaoMemoria:27] Odontólogo registrado: Id; 2 - Nº de Matrícula: 54321 - Nombre: Maria - Apellido: Gomez
[2024-02-23 21:56:21] [ INFO ] [OdontologoDaoMemoria:35] Listado de odontólogos: [Id; 1 - Nº de Matrícula: 12345 - Nombre: Juan - Apellido: Perez, Id; 2 - Nº de Matrícula: 54321 - Nombre: Maria - Apellido: Gomez]
